<?xml version="1.0" encoding="UTF-8"?>
<testsuite name="com.capgemini.test.AccountTest" tests="2" skipped="0" failures="0" errors="0" timestamp="2017-05-30T17:31:08" hostname="LIN51004411" time="0.139">
  <properties/>
  <testcase name="whenTheAmountIsLessThan500ItShouldThrowException" classname="com.capgemini.test.AccountTest" time="0.119"/>
  <testcase name="whenTheValidInfoIsPassedAccountObjectShouldBeCreatedSuccessfully" classname="com.capgemini.test.AccountTest" time="0.02"/>
  <system-out><![CDATA[]]></system-out>
  <system-err><![CDATA[]]></system-err>
</testsuite>
